<?xml version="1.0" encoding="UTF-8"?>
<testng-results skipped="0" failed="0" total="1" passed="1">
  <reporter-output>
    <line>
      <![CDATA[Login Successful::Dashboard « Stock   Dashboard « Stock Accounting]]>
    </line>
  </reporter-output>
  <suite name="Default suite" duration-ms="25039" started-at="2021-04-25T16:14:35Z" finished-at="2021-04-25T16:15:00Z">
    <groups>
    </groups>
    <test name="Default test" duration-ms="25039" started-at="2021-04-25T16:14:35Z" finished-at="2021-04-25T16:15:00Z">
      <class name="mar1.PropertyFiles">
        <test-method status="PASS" signature="setup()[pri:0, instance:mar1.PropertyFiles@29774679]" name="setup" is-config="true" duration-ms="12760" started-at="2021-04-25T21:44:35Z" finished-at="2021-04-25T21:44:48Z">
          <reporter-output>
          </reporter-output>
        </test-method> <!-- setup -->
        <test-method status="PASS" signature="verifylogin()[pri:0, instance:mar1.PropertyFiles@29774679]" name="verifylogin" duration-ms="12143" started-at="2021-04-25T21:44:48Z" finished-at="2021-04-25T21:45:00Z">
          <reporter-output>
            <line>
              <![CDATA[Login Successful::Dashboard « Stock   Dashboard « Stock Accounting]]>
            </line>
          </reporter-output>
        </test-method> <!-- verifylogin -->
        <test-method status="PASS" signature="tearDown()[pri:0, instance:mar1.PropertyFiles@29774679]" name="tearDown" is-config="true" duration-ms="118" started-at="2021-04-25T21:45:00Z" finished-at="2021-04-25T21:45:00Z">
          <reporter-output>
          </reporter-output>
        </test-method> <!-- tearDown -->
      </class> <!-- mar1.PropertyFiles -->
    </test> <!-- Default test -->
  </suite> <!-- Default suite -->
</testng-results>
